Arguments: 
  /usr/local/Cellar/node@8/8.9.4/bin/node /usr/local/Cellar/yarn/1.5.1/libexec/bin/yarn.js add

PATH: 
  /Users/cmoesel/.rvm/gems/ruby-2.3.3/bin:/Users/cmoesel/.rvm/gems/ruby-2.3.3@global/bin:/Users/cmoesel/.rvm/rubies/ruby-2.3.3/bin:/usr/local/bin:/usr/bin:/bin:/usr/sbin:/sbin:/opt/X11/bin:/Users/cmoesel/dev/go/bin:/libexec/bin:/usr/local/Cellar/node@6/6.10.3_1/bin:~/bin:/Applications/DevDesktop/tools:/Users/cmoesel/.rvm/bin

Yarn version: 
  1.5.1

Node version: 
  8.9.4

Platform: 
  darwin x64

npm manifest: 
  No manifest

yarn manifest: 
  No manifest

Lockfile: 
  No lockfile

Trace: 
  Error: Missing list of packages to add to your project.
      at new MessageError (/usr/local/Cellar/yarn/1.5.1/libexec/lib/cli.js:186:110)
      at Object.<anonymous> (/usr/local/Cellar/yarn/1.5.1/libexec/lib/cli.js:40587:13)
      at Generator.next (<anonymous>)
      at step (/usr/local/Cellar/yarn/1.5.1/libexec/lib/cli.js:98:30)
      at /usr/local/Cellar/yarn/1.5.1/libexec/lib/cli.js:116:14
      at new Promise (<anonymous>)
      at new F (/usr/local/Cellar/yarn/1.5.1/libexec/lib/cli.js:23451:28)
      at Object.<anonymous> (/usr/local/Cellar/yarn/1.5.1/libexec/lib/cli.js:95:12)
      at Object.run (/usr/local/Cellar/yarn/1.5.1/libexec/lib/cli.js:40599:19)
      at run (/usr/local/Cellar/yarn/1.5.1/libexec/lib/cli.js:89113:20)
